<?xml version="1.0" encoding="UTF-8"?>
<testng-results skipped="0" failed="0" total="1" passed="1">
  <reporter-output>
  </reporter-output>
  <suite name="Default suite" duration-ms="6447" started-at="2019-04-29T00:55:44Z" finished-at="2019-04-29T00:55:50Z">
    <groups>
    </groups>
    <test name="Default test" duration-ms="6447" started-at="2019-04-29T00:55:44Z" finished-at="2019-04-29T00:55:50Z">
      <class name="selenium.web.automation.LoginPageTest">
        <test-method status="PASS" signature="PageAutomation()[pri:0, instance:selenium.web.automation.LoginPageTest@48eff760]" name="PageAutomation" duration-ms="6430" started-at="2019-04-28T17:55:44Z" finished-at="2019-04-28T17:55:50Z">
          <reporter-output>
          </reporter-output>
        </test-method> <!-- PageAutomation -->
      </class> <!-- selenium.web.automation.LoginPageTest -->
    </test> <!-- Default test -->
  </suite> <!-- Default suite -->
</testng-results>
